  driver.cpp
c:\users\dario\documents\visual studio 2015\projects\sfml.practice\tile.h(18): warning C4244: 'return': conversion from 'const float' to 'int', possible loss of data
c:\users\dario\documents\visual studio 2015\projects\sfml.practice\tile.h(19): warning C4244: 'return': conversion from 'const float' to 'int', possible loss of data
c:\users\dario\documents\visual studio 2015\projects\sfml.practice\tile.h(20): warning C4244: 'return': conversion from 'const float' to 'int', possible loss of data
c:\users\dario\documents\visual studio 2015\projects\sfml.practice\tile.h(21): warning C4244: 'return': conversion from 'const float' to 'int', possible loss of data
c:\users\dario\documents\visual studio 2015\projects\sfml.practice\enemy.h(85): warning C4244: 'return': conversion from 'const float' to 'int', possible loss of data
c:\users\dario\documents\visual studio 2015\projects\sfml.practice\enemy.h(89): warning C4244: 'return': conversion from 'const float' to 'int', possible loss of data
c:\users\dario\documents\visual studio 2015\projects\sfml.practice\player.h(51): warning C4244: 'return': conversion from 'const float' to 'int', possible loss of data
c:\users\dario\documents\visual studio 2015\projects\sfml.practice\player.h(52): warning C4244: 'return': conversion from 'const float' to 'int', possible loss of data
c:\users\dario\documents\visual studio 2015\projects\sfml.practice\player.h(57): warning C4244: 'return': conversion from 'double' to 'int', possible loss of data
c:\users\dario\documents\visual studio 2015\projects\sfml.practice\player.h(58): warning C4244: 'return': conversion from 'double' to 'int', possible loss of data
c:\users\dario\documents\visual studio 2015\projects\sfml.practice\player.h(59): warning C4244: 'return': conversion from 'double' to 'int', possible loss of data
c:\users\dario\documents\visual studio 2015\projects\sfml.practice\player.h(60): warning C4244: 'return': conversion from 'double' to 'int', possible loss of data
c:\users\dario\documents\visual studio 2015\projects\sfml.practice\driver.cpp(46): warning C4244: 'argument': conversion from 'float' to 'unsigned int', possible loss of data
c:\users\dario\documents\visual studio 2015\projects\sfml.practice\driver.cpp(129): warning C4305: 'argument': truncation from 'double' to 'float'
c:\users\dario\documents\visual studio 2015\projects\sfml.practice\driver.cpp(205): warning C4244: '=': conversion from 'float' to 'int', possible loss of data
c:\users\dario\documents\visual studio 2015\projects\sfml.practice\driver.cpp(283): warning C4244: 'argument': conversion from 'double' to 'float', possible loss of data
c:\users\dario\documents\visual studio 2015\projects\sfml.practice\driver.cpp(416): warning C4244: 'argument': conversion from 'double' to 'float', possible loss of data
c:\users\dario\documents\visual studio 2015\projects\sfml.practice\driver.cpp(506): warning C4244: 'argument': conversion from 'double' to 'float', possible loss of data
c:\users\dario\documents\visual studio 2015\projects\sfml.practice\driver.cpp(507): warning C4244: 'argument': conversion from 'double' to 'float', possible loss of data
c:\users\dario\documents\visual studio 2015\projects\sfml.practice\driver.cpp(508): warning C4244: 'argument': conversion from 'double' to 'float', possible loss of data
c:\users\dario\documents\visual studio 2015\projects\sfml.practice\driver.cpp(509): warning C4244: 'argument': conversion from 'double' to 'float', possible loss of data
c:\users\dario\documents\visual studio 2015\projects\sfml.practice\driver.cpp(510): warning C4244: 'argument': conversion from 'double' to 'float', possible loss of data
c:\users\dario\documents\visual studio 2015\projects\sfml.practice\driver.cpp(511): warning C4244: 'argument': conversion from 'double' to 'float', possible loss of data
c:\users\dario\documents\visual studio 2015\projects\sfml.practice\driver.cpp(512): warning C4244: 'argument': conversion from 'double' to 'float', possible loss of data
c:\users\dario\documents\visual studio 2015\projects\sfml.practice\driver.cpp(513): warning C4244: 'argument': conversion from 'double' to 'float', possible loss of data
c:\users\dario\documents\visual studio 2015\projects\sfml.practice\driver.cpp(514): warning C4244: 'argument': conversion from 'double' to 'float', possible loss of data
c:\users\dario\documents\visual studio 2015\projects\sfml.practice\driver.cpp(515): warning C4244: 'argument': conversion from 'double' to 'float', possible loss of data
c:\users\dario\documents\visual studio 2015\projects\sfml.practice\driver.cpp(516): warning C4244: 'argument': conversion from 'double' to 'float', possible loss of data
c:\users\dario\documents\visual studio 2015\projects\sfml.practice\driver.cpp(517): warning C4244: 'argument': conversion from 'double' to 'float', possible loss of data
c:\users\dario\documents\visual studio 2015\projects\sfml.practice\driver.cpp(599): warning C4305: 'argument': truncation from 'double' to 'float'
c:\users\dario\documents\visual studio 2015\projects\sfml.practice\driver.cpp(600): warning C4305: 'argument': truncation from 'double' to 'float'
  SFML.Practice.vcxproj -> C:\Users\Dario\documents\visual studio 2015\Projects\SFML.Practice\Debug\SFML.Practice.exe
